<?xml version="1.0" encoding="UTF-8"?>
<testng-results ignored="0" total="4" passed="3" failed="1" skipped="0">
  <reporter-output>
  </reporter-output>
  <suite started-at="2022-12-03T15:27:44Z" name="Default suite" finished-at="2022-12-03T15:29:18Z" duration-ms="94154">
    <groups>
    </groups>
    <test started-at="2022-12-03T15:27:44Z" name="Default test" finished-at="2022-12-03T15:29:18Z" duration-ms="94154">
      <class name="testcase.Mytestfw">
        <test-method is-config="true" signature="setUp()[pri:0, instance:testcase.Mytestfw@312aa7c]" started-at="2022-12-03T21:27:44Z" name="setUp" finished-at="2022-12-03T21:27:56Z" duration-ms="11802" status="PASS">
          <reporter-output>
          </reporter-output>
        </test-method> <!-- setUp -->
        <test-method signature="LoginTest(java.lang.String, java.lang.String)[pri:0, instance:testcase.Mytestfw@312aa7c]" started-at="2022-12-03T21:27:56Z" name="LoginTest" data-provider="testdata" finished-at="2022-12-03T21:28:12Z" duration-ms="16098" status="PASS">
          <params>
            <param index="0">
              <value>
                <![CDATA[ontorhazari571@gmail.com]]>
              </value>
            </param>
            <param index="1">
              <value>
                <![CDATA[01765]]>
              </value>
            </param>
          </params>
          <reporter-output>
          </reporter-output>
        </test-method> <!-- LoginTest -->
        <test-method is-config="true" signature="tearDwon()[pri:0, instance:testcase.Mytestfw@312aa7c]" started-at="2022-12-03T21:28:12Z" name="tearDwon" finished-at="2022-12-03T21:28:13Z" duration-ms="594" status="PASS">
          <reporter-output>
          </reporter-output>
        </test-method> <!-- tearDwon -->
        <test-method is-config="true" signature="setUp()[pri:0, instance:testcase.Mytestfw@312aa7c]" started-at="2022-12-03T21:28:13Z" name="setUp" finished-at="2022-12-03T21:28:21Z" duration-ms="8017" status="PASS">
          <reporter-output>
          </reporter-output>
        </test-method> <!-- setUp -->
        <test-method signature="LoginTest(java.lang.String, java.lang.String)[pri:0, instance:testcase.Mytestfw@312aa7c]" started-at="2022-12-03T21:28:21Z" name="LoginTest" data-provider="testdata" finished-at="2022-12-03T21:28:36Z" duration-ms="14851" status="PASS">
          <params>
            <param index="0">
              <value>
                <![CDATA[ontorhazari571@gmail.com]]>
              </value>
            </param>
            <param index="1">
              <value>
                <![CDATA[01765018]]>
              </value>
            </param>
          </params>
          <reporter-output>
          </reporter-output>
        </test-method> <!-- LoginTest -->
        <test-method is-config="true" signature="tearDwon()[pri:0, instance:testcase.Mytestfw@312aa7c]" started-at="2022-12-03T21:28:36Z" name="tearDwon" finished-at="2022-12-03T21:28:36Z" duration-ms="539" status="PASS">
          <reporter-output>
          </reporter-output>
        </test-method> <!-- tearDwon -->
        <test-method is-config="true" signature="setUp()[pri:0, instance:testcase.Mytestfw@312aa7c]" started-at="2022-12-03T21:28:36Z" name="setUp" finished-at="2022-12-03T21:28:45Z" duration-ms="9171" status="PASS">
          <reporter-output>
          </reporter-output>
        </test-method> <!-- setUp -->
        <test-method signature="LoginTest(java.lang.String, java.lang.String)[pri:0, instance:testcase.Mytestfw@312aa7c]" started-at="2022-12-03T21:28:45Z" name="LoginTest" data-provider="testdata" finished-at="2022-12-03T21:28:55Z" duration-ms="9667" status="FAIL">
          <params>
            <param index="0">
              <value>
                <![CDATA[ontorhazari579@gmail.com]]>
              </value>
            </param>
            <param index="1">
              <value>
                <![CDATA[01765018]]>
              </value>
            </param>
          </params>
          <exception class="org.openqa.selenium.ElementNotInteractableException">
            <message>
              <![CDATA[element not interactable  (Session info: chrome=108.0.5359.71)Build info: version: '4.6.0', revision: '79f1c02ae20'System info: os.name: 'Windows 10', os.arch: 'amd64', os.version: '10.0', java.version: '19.0.1'Driver info: org.openqa.selenium.chrome.ChromeDriverCommand: [92efb46138deb8b02e5846d7204af93a, sendKeysToElement {id=197bc532-9c1b-4c6b-87be-f3ac0d2eee50, value=[Ljava.lang.CharSequence;@6c101cc1}]Capabilities {acceptInsecureCerts: false, browserName: chrome, browserVersion: 108.0.5359.71, chrome: {chromedriverVersion: 107.0.5304.62 (1eec40d3a576..., userDataDir: C:\Users\Hp\AppData\Local\T...}, goog:chromeOptions: {debuggerAddress: localhost:62541}, networkConnectionEnabled: false, pageLoadStrategy: normal, platformName: WINDOWS, proxy: Proxy(), se:cdp: ws://localhost:62541/devtoo..., se:cdpVersion: 108.0.5359.71, setWindowRect: true, strictFileInteractability: false, timeouts: {implicit: 0, pageLoad: 300000, script: 30000}, unhandledPromptBehavior: dismiss and notify, webauthn:extension:credBlob: true, webauthn:extension:largeBlob: true, webauthn:virtualAuthenticators: true}Element: [[ChromeDriver: chrome on WINDOWS (92efb46138deb8b02e5846d7204af93a)] -> id: password]Session ID: 92efb46138deb8b02e5846d7204af93a]]>
            </message>
            <full-stacktrace>
              <![CDATA[org.openqa.selenium.ElementNotInteractableException: element not interactable  (Session info: chrome=108.0.5359.71)Build info: version: '4.6.0', revision: '79f1c02ae20'System info: os.name: 'Windows 10', os.arch: 'amd64', os.version: '10.0', java.version: '19.0.1'Driver info: org.openqa.selenium.chrome.ChromeDriverCommand: [92efb46138deb8b02e5846d7204af93a, sendKeysToElement {id=197bc532-9c1b-4c6b-87be-f3ac0d2eee50, value=[Ljava.lang.CharSequence;@6c101cc1}]Capabilities {acceptInsecureCerts: false, browserName: chrome, browserVersion: 108.0.5359.71, chrome: {chromedriverVersion: 107.0.5304.62 (1eec40d3a576..., userDataDir: C:\Users\Hp\AppData\Local\T...}, goog:chromeOptions: {debuggerAddress: localhost:62541}, networkConnectionEnabled: false, pageLoadStrategy: normal, platformName: WINDOWS, proxy: Proxy(), se:cdp: ws://localhost:62541/devtoo..., se:cdpVersion: 108.0.5359.71, setWindowRect: true, strictFileInteractability: false, timeouts: {implicit: 0, pageLoad: 300000, script: 30000}, unhandledPromptBehavior: dismiss and notify, webauthn:extension:credBlob: true, webauthn:extension:largeBlob: true, webauthn:virtualAuthenticators: true}Element: [[ChromeDriver: chrome on WINDOWS (92efb46138deb8b02e5846d7204af93a)] -> id: password]Session ID: 92efb46138deb8b02e5846d7204af93aat java.base/jdk.internal.reflect.DirectConstructorHandleAccessor.newInstance(DirectConstructorHandleAccessor.java:67)at java.base/java.lang.reflect.Constructor.newInstanceWithCaller(Constructor.java:500)at java.base/java.lang.reflect.Constructor.newInstance(Constructor.java:484)at org.openqa.selenium.remote.codec.w3c.W3CHttpResponseCodec.createException(W3CHttpResponseCodec.java:200)at org.openqa.selenium.remote.codec.w3c.W3CHttpResponseCodec.decode(W3CHttpResponseCodec.java:133)at org.openqa.selenium.remote.codec.w3c.W3CHttpResponseCodec.decode(W3CHttpResponseCodec.java:53)at org.openqa.selenium.remote.HttpCommandExecutor.execute(HttpCommandExecutor.java:184)at org.openqa.selenium.remote.service.DriverCommandExecutor.invokeExecute(DriverCommandExecutor.java:167)at org.openqa.selenium.remote.service.DriverCommandExecutor.execute(DriverCommandExecutor.java:142)at org.openqa.selenium.remote.RemoteWebDriver.execute(RemoteWebDriver.java:541)at org.openqa.selenium.remote.RemoteWebElement.execute(RemoteWebElement.java:257)at org.openqa.selenium.remote.RemoteWebElement.sendKeys(RemoteWebElement.java:113)at testcase.Mytestfw.LoginTest(Mytestfw.java:26)at java.base/jdk.internal.reflect.DirectMethodHandleAccessor.invoke(DirectMethodHandleAccessor.java:104)at java.base/java.lang.reflect.Method.invoke(Method.java:578)at org.testng.internal.MethodInvocationHelper.invokeMethod(MethodInvocationHelper.java:124)at org.testng.internal.Invoker.invokeMethod(Invoker.java:571)at org.testng.internal.Invoker.invokeTestMethod(Invoker.java:707)at org.testng.internal.Invoker.invokeTestMethods(Invoker.java:979)at org.testng.internal.TestMethodWorker.invokeTestMethods(TestMethodWorker.java:125)at org.testng.internal.TestMethodWorker.run(TestMethodWorker.java:109)at org.testng.TestRunner.privateRun(TestRunner.java:648)at org.testng.TestRunner.run(TestRunner.java:505)at org.testng.SuiteRunner.runTest(SuiteRunner.java:455)at org.testng.SuiteRunner.runSequentially(SuiteRunner.java:450)at org.testng.SuiteRunner.privateRun(SuiteRunner.java:415)at org.testng.SuiteRunner.run(SuiteRunner.java:364)at org.testng.SuiteRunnerWorker.runSuite(SuiteRunnerWorker.java:52)at org.testng.SuiteRunnerWorker.run(SuiteRunnerWorker.java:84)at org.testng.TestNG.runSuitesSequentially(TestNG.java:1187)at org.testng.TestNG.runSuitesLocally(TestNG.java:1116)at org.testng.TestNG.runSuites(TestNG.java:1028)at org.testng.TestNG.run(TestNG.java:996)at org.testng.remote.AbstractRemoteTestNG.run(AbstractRemoteTestNG.java:115)at org.testng.remote.RemoteTestNG.initAndRun(RemoteTestNG.java:251)at org.testng.remote.RemoteTestNG.main(RemoteTestNG.java:77)]]>
            </full-stacktrace>
          </exception> <!-- org.openqa.selenium.ElementNotInteractableException -->
          <reporter-output>
          </reporter-output>
        </test-method> <!-- LoginTest -->
        <test-method is-config="true" signature="tearDwon()[pri:0, instance:testcase.Mytestfw@312aa7c]" started-at="2022-12-03T21:28:55Z" name="tearDwon" finished-at="2022-12-03T21:28:56Z" duration-ms="583" status="PASS">
          <reporter-output>
          </reporter-output>
        </test-method> <!-- tearDwon -->
        <test-method is-config="true" signature="setUp()[pri:0, instance:testcase.Mytestfw@312aa7c]" started-at="2022-12-03T21:28:56Z" name="setUp" finished-at="2022-12-03T21:29:03Z" duration-ms="7102" status="PASS">
          <reporter-output>
          </reporter-output>
        </test-method> <!-- setUp -->
        <test-method signature="LoginTest(java.lang.String, java.lang.String)[pri:0, instance:testcase.Mytestfw@312aa7c]" started-at="2022-12-03T21:29:03Z" name="LoginTest" data-provider="testdata" finished-at="2022-12-03T21:29:18Z" duration-ms="14933" status="PASS">
          <params>
            <param index="0">
              <value>
                <![CDATA[ontorhazary570@gmail.com]]>
              </value>
            </param>
            <param index="1">
              <value>
                <![CDATA[01765018]]>
              </value>
            </param>
          </params>
          <reporter-output>
          </reporter-output>
        </test-method> <!-- LoginTest -->
        <test-method is-config="true" signature="tearDwon()[pri:0, instance:testcase.Mytestfw@312aa7c]" started-at="2022-12-03T21:29:18Z" name="tearDwon" finished-at="2022-12-03T21:29:18Z" duration-ms="682" status="PASS">
          <reporter-output>
          </reporter-output>
        </test-method> <!-- tearDwon -->
      </class> <!-- testcase.Mytestfw -->
    </test> <!-- Default test -->
  </suite> <!-- Default suite -->
</testng-results>
